c:\users\y_sch\desktop\hochschule\3 semester\vektoria\vektoriav23.19\landscapeapp\vektoriaapp\x64\debug\vc143.pdb
c:\users\y_sch\desktop\hochschule\3 semester\vektoria\vektoriav23.19\landscapeapp\vektoriaapp\x64\debug\vc143.idb
c:\users\y_sch\desktop\hochschule\3 semester\vektoria\vektoriav23.19\landscapeapp\vektoriaapp\x64\debug\vektoriaapp.obj
c:\users\y_sch\desktop\hochschule\3 semester\vektoria\vektoriav23.19\landscapeapp\vektoriaapp\x64\debug\game.obj
c:\users\y_sch\desktop\hochschule\3 semester\vektoria\vektoriav23.19\app\x64\debug\vektoriaapp.exe
c:\users\y_sch\desktop\hochschule\3 semester\vektoria\vektoriav23.19\app\x64\debug\vektoriaapp.pdb
c:\users\y_sch\desktop\hochschule\3 semester\vektoria\vektoriav23.19\landscapeapp\x64\debug\vektoriaapp.exe
c:\users\y_sch\desktop\hochschule\3 semester\vektoria\vektoriav23.19\landscapeapp\x64\debug\vektoriaapp.pdb
c:\users\y_sch\desktop\hochschule\3 semester\vektoria\vektoriav23.19\app\vektoriaapp\x64\debug\vektoriaapp.res
c:\users\y_sch\desktop\hochschule\3 semester\vektoria\vektoriav23.19\landscapeapp\vektoriaapp\x64\debug\vektoriaapp.res
c:\users\y_sch\desktop\hochschule\3 semester\vektoria\vektoriav23.19\landscapeapp\vektoriaapp\x64\debug\vektoriaapp.ilk
c:\users\y_sch\desktop\hochschule\3 semester\vektoria\vektoriav23.19\landscapeapp\vektoriaapp\x64\debug\vektoriaapp.tlog\cl.command.1.tlog
c:\users\y_sch\desktop\hochschule\3 semester\vektoria\vektoriav23.19\landscapeapp\vektoriaapp\x64\debug\vektoriaapp.tlog\cl.items.tlog
c:\users\y_sch\desktop\hochschule\3 semester\vektoria\vektoriav23.19\landscapeapp\vektoriaapp\x64\debug\vektoriaapp.tlog\cl.read.1.tlog
c:\users\y_sch\desktop\hochschule\3 semester\vektoria\vektoriav23.19\landscapeapp\vektoriaapp\x64\debug\vektoriaapp.tlog\cl.write.1.tlog
c:\users\y_sch\desktop\hochschule\3 semester\vektoria\vektoriav23.19\landscapeapp\vektoriaapp\x64\debug\vektoriaapp.tlog\link.command.1.tlog
c:\users\y_sch\desktop\hochschule\3 semester\vektoria\vektoriav23.19\landscapeapp\vektoriaapp\x64\debug\vektoriaapp.tlog\link.read.1.tlog
c:\users\y_sch\desktop\hochschule\3 semester\vektoria\vektoriav23.19\landscapeapp\vektoriaapp\x64\debug\vektoriaapp.tlog\link.secondary.1.tlog
c:\users\y_sch\desktop\hochschule\3 semester\vektoria\vektoriav23.19\landscapeapp\vektoriaapp\x64\debug\vektoriaapp.tlog\link.write.1.tlog
c:\users\y_sch\desktop\hochschule\3 semester\vektoria\vektoriav23.19\landscapeapp\vektoriaapp\x64\debug\vektoriaapp.tlog\rc.command.1.tlog
c:\users\y_sch\desktop\hochschule\3 semester\vektoria\vektoriav23.19\landscapeapp\vektoriaapp\x64\debug\vektoriaapp.tlog\rc.read.1.tlog
c:\users\y_sch\desktop\hochschule\3 semester\vektoria\vektoriav23.19\landscapeapp\vektoriaapp\x64\debug\vektoriaapp.tlog\rc.write.1.tlog
