****************
Vektoria-Logfile

****************
Ok:    Distribudted Graphics API established
Ok:    Collected materials in virtual hierarchy
Error: In CRoot::AddMaterial: pmaterial is a nullptr
Ok:    Collected materials in real hierarchy
Ok:    Cyberglasses API established
Ok:    Graphics API established
Info:  Tearing supported: 1
Info:  GPU Adapter 1: NVIDIA GeForce RTX 4070 SUPER
Info:  - Memory Dedicated System: 0
Info:  - Memory Dedicated Video : 3991928832
Info:  - Memory Shared System   : 4127795200
Info:      - Output 1: \\.\DISPLAY1
Info:          - Resolution: 640 * 480, Refresh rate: 60 / 1 = 60.000000 Hz
Info:          - Resolution: 640 * 480, Refresh rate: 72 / 1 = 72.000000 Hz
Info:          - Resolution: 640 * 480, Refresh rate: 75 / 1 = 75.000000 Hz
Info:          - Resolution: 640 * 480, Refresh rate: 59940 / 1000 = 59.939999 Hz
Info:          - Resolution: 640 * 480, Refresh rate: 99769 / 1000 = 99.768997 Hz
Info:          - Resolution: 640 * 480, Refresh rate: 119518 / 1000 = 119.517998 Hz
Info:          - Resolution: 640 * 480, Refresh rate: 119880 / 1000 = 119.879997 Hz
Info:          - Resolution: 640 * 480, Refresh rate: 119880 / 1000 = 119.879997 Hz
Info:          - Resolution: 640 * 480, Refresh rate: 144001 / 1000 = 144.001007 Hz
Info:          - Resolution: 640 * 480, Refresh rate: 144001 / 1000 = 144.001007 Hz
Info:          - Resolution: 720 * 480, Refresh rate: 60 / 1 = 60.000000 Hz
Info:          - Resolution: 720 * 480, Refresh rate: 59940 / 1000 = 59.939999 Hz
Info:          - Resolution: 720 * 480, Refresh rate: 99662 / 1000 = 99.662003 Hz
Info:          - Resolution: 720 * 480, Refresh rate: 99662 / 1000 = 99.662003 Hz
Info:          - Resolution: 720 * 480, Refresh rate: 119880 / 1000 = 119.879997 Hz
Info:          - Resolution: 720 * 480, Refresh rate: 119880 / 1000 = 119.879997 Hz
Info:          - Resolution: 720 * 480, Refresh rate: 119972 / 1000 = 119.972000 Hz
Info:          - Resolution: 720 * 480, Refresh rate: 119972 / 1000 = 119.972000 Hz
Info:          - Resolution: 720 * 480, Refresh rate: 144001 / 1000 = 144.001007 Hz
Info:          - Resolution: 720 * 480, Refresh rate: 144001 / 1000 = 144.001007 Hz
Info:          - Resolution: 720 * 576, Refresh rate: 50 / 1 = 50.000000 Hz
Info:          - Resolution: 720 * 576, Refresh rate: 99662 / 1000 = 99.662003 Hz
Info:          - Resolution: 720 * 576, Refresh rate: 99662 / 1000 = 99.662003 Hz
Info:          - Resolution: 720 * 576, Refresh rate: 119880 / 1000 = 119.879997 Hz
Info:          - Resolution: 720 * 576, Refresh rate: 119880 / 1000 = 119.879997 Hz
Info:          - Resolution: 720 * 576, Refresh rate: 119972 / 1000 = 119.972000 Hz
Info:          - Resolution: 720 * 576, Refresh rate: 119972 / 1000 = 119.972000 Hz
Info:          - Resolution: 720 * 576, Refresh rate: 144001 / 1000 = 144.001007 Hz
Info:          - Resolution: 720 * 576, Refresh rate: 144001 / 1000 = 144.001007 Hz
Info:          - Resolution: 800 * 600, Refresh rate: 75 / 1 = 75.000000 Hz
Info:          - Resolution: 800 * 600, Refresh rate: 56250 / 1000 = 56.250000 Hz
Info:          - Resolution: 800 * 600, Refresh rate: 60317 / 1000 = 60.317001 Hz
Info:          - Resolution: 800 * 600, Refresh rate: 72188 / 1000 = 72.188004 Hz
Info:          - Resolution: 800 * 600, Refresh rate: 99662 / 1000 = 99.662003 Hz
Info:          - Resolution: 800 * 600, Refresh rate: 119880 / 1000 = 119.879997 Hz
Info:          - Resolution: 800 * 600, Refresh rate: 119880 / 1000 = 119.879997 Hz
Info:          - Resolution: 800 * 600, Refresh rate: 119972 / 1000 = 119.972000 Hz
Info:          - Resolution: 800 * 600, Refresh rate: 144001 / 1000 = 144.001007 Hz
Info:          - Resolution: 800 * 600, Refresh rate: 144001 / 1000 = 144.001007 Hz
Info:          - Resolution: 1024 * 768, Refresh rate: 60004 / 1000 = 60.004002 Hz
Info:          - Resolution: 1024 * 768, Refresh rate: 70069 / 1000 = 70.069000 Hz
Info:          - Resolution: 1024 * 768, Refresh rate: 75029 / 1000 = 75.028999 Hz
Info:          - Resolution: 1024 * 768, Refresh rate: 99972 / 1000 = 99.972000 Hz
Info:          - Resolution: 1024 * 768, Refresh rate: 119880 / 1000 = 119.879997 Hz
Info:          - Resolution: 1024 * 768, Refresh rate: 119880 / 1000 = 119.879997 Hz
Info:          - Resolution: 1024 * 768, Refresh rate: 119989 / 1000 = 119.988998 Hz
Info:          - Resolution: 1024 * 768, Refresh rate: 144001 / 1000 = 144.001007 Hz
Info:          - Resolution: 1024 * 768, Refresh rate: 144001 / 1000 = 144.001007 Hz
Info:          - Resolution: 1152 * 864, Refresh rate: 120 / 1 = 120.000000 Hz
Info:          - Resolution: 1152 * 864, Refresh rate: 120 / 1 = 120.000000 Hz
Info:          - Resolution: 1152 * 864, Refresh rate: 60020 / 1000 = 60.020000 Hz
Info:          - Resolution: 1152 * 864, Refresh rate: 60020 / 1000 = 60.020000 Hz
Info:          - Resolution: 1152 * 864, Refresh rate: 75025 / 1000 = 75.025002 Hz
Info:          - Resolution: 1152 * 864, Refresh rate: 75025 / 1000 = 75.025002 Hz
Info:          - Resolution: 1152 * 864, Refresh rate: 99930 / 1000 = 99.930000 Hz
Info:          - Resolution: 1152 * 864, Refresh rate: 99930 / 1000 = 99.930000 Hz
Info:          - Resolution: 1152 * 864, Refresh rate: 119880 / 1000 = 119.879997 Hz
Info:          - Resolution: 1152 * 864, Refresh rate: 119880 / 1000 = 119.879997 Hz
Info:          - Resolution: 1152 * 864, Refresh rate: 144001 / 1000 = 144.001007 Hz
Info:          - Resolution: 1152 * 864, Refresh rate: 144001 / 1000 = 144.001007 Hz
Info:          - Resolution: 1176 * 664, Refresh rate: 50 / 1 = 50.000000 Hz
Info:          - Resolution: 1176 * 664, Refresh rate: 50 / 1 = 50.000000 Hz
Info:          - Resolution: 1176 * 664, Refresh rate: 60 / 1 = 60.000000 Hz
Info:          - Resolution: 1176 * 664, Refresh rate: 60 / 1 = 60.000000 Hz
Info:          - Resolution: 1176 * 664, Refresh rate: 120 / 1 = 120.000000 Hz
Info:          - Resolution: 1176 * 664, Refresh rate: 120 / 1 = 120.000000 Hz
Info:          - Resolution: 1176 * 664, Refresh rate: 59940 / 1000 = 59.939999 Hz
Info:          - Resolution: 1176 * 664, Refresh rate: 59940 / 1000 = 59.939999 Hz
Info:          - Resolution: 1176 * 664, Refresh rate: 99930 / 1000 = 99.930000 Hz
Info:          - Resolution: 1176 * 664, Refresh rate: 99930 / 1000 = 99.930000 Hz
Info:          - Resolution: 1176 * 664, Refresh rate: 119880 / 1000 = 119.879997 Hz
Info:          - Resolution: 1176 * 664, Refresh rate: 119880 / 1000 = 119.879997 Hz
Info:          - Resolution: 1176 * 664, Refresh rate: 144001 / 1000 = 144.001007 Hz
Info:          - Resolution: 1176 * 664, Refresh rate: 144001 / 1000 = 144.001007 Hz
Info:          - Resolution: 1280 * 720, Refresh rate: 50 / 1 = 50.000000 Hz
Info:          - Resolution: 1280 * 720, Refresh rate: 60 / 1 = 60.000000 Hz
Info:          - Resolution: 1280 * 720, Refresh rate: 120 / 1 = 120.000000 Hz
Info:          - Resolution: 1280 * 720, Refresh rate: 120 / 1 = 120.000000 Hz
Info:          - Resolution: 1280 * 720, Refresh rate: 59940 / 1000 = 59.939999 Hz
Info:          - Resolution: 1280 * 720, Refresh rate: 99930 / 1000 = 99.930000 Hz
Info:          - Resolution: 1280 * 720, Refresh rate: 99930 / 1000 = 99.930000 Hz
Info:          - Resolution: 1280 * 720, Refresh rate: 119880 / 1000 = 119.879997 Hz
Info:          - Resolution: 1280 * 720, Refresh rate: 119880 / 1000 = 119.879997 Hz
Info:          - Resolution: 1280 * 720, Refresh rate: 144001 / 1000 = 144.001007 Hz
Info:          - Resolution: 1280 * 720, Refresh rate: 144001 / 1000 = 144.001007 Hz
Info:          - Resolution: 1280 * 768, Refresh rate: 120 / 1 = 120.000000 Hz
Info:          - Resolution: 1280 * 768, Refresh rate: 120 / 1 = 120.000000 Hz
Info:          - Resolution: 1280 * 768, Refresh rate: 60020 / 1000 = 60.020000 Hz
Info:          - Resolution: 1280 * 768, Refresh rate: 60020 / 1000 = 60.020000 Hz
Info:          - Resolution: 1280 * 768, Refresh rate: 75025 / 1000 = 75.025002 Hz
Info:          - Resolution: 1280 * 768, Refresh rate: 75025 / 1000 = 75.025002 Hz
Info:          - Resolution: 1280 * 768, Refresh rate: 99930 / 1000 = 99.930000 Hz
Info:          - Resolution: 1280 * 768, Refresh rate: 99930 / 1000 = 99.930000 Hz
Info:          - Resolution: 1280 * 768, Refresh rate: 119880 / 1000 = 119.879997 Hz
Info:          - Resolution: 1280 * 768, Refresh rate: 119880 / 1000 = 119.879997 Hz
Info:          - Resolution: 1280 * 768, Refresh rate: 144001 / 1000 = 144.001007 Hz
Info:          - Resolution: 1280 * 768, Refresh rate: 144001 / 1000 = 144.001007 Hz
Info:          - Resolution: 1280 * 800, Refresh rate: 120 / 1 = 120.000000 Hz
Info:          - Resolution: 1280 * 800, Refresh rate: 120 / 1 = 120.000000 Hz
Info:          - Resolution: 1280 * 800, Refresh rate: 60020 / 1000 = 60.020000 Hz
Info:          - Resolution: 1280 * 800, Refresh rate: 60020 / 1000 = 60.020000 Hz
Info:          - Resolution: 1280 * 800, Refresh rate: 75025 / 1000 = 75.025002 Hz
Info:          - Resolution: 1280 * 800, Refresh rate: 75025 / 1000 = 75.025002 Hz
Info:          - Resolution: 1280 * 800, Refresh rate: 99930 / 1000 = 99.930000 Hz
Info:          - Resolution: 1280 * 800, Refresh rate: 99930 / 1000 = 99.930000 Hz
Info:          - Resolution: 1280 * 800, Refresh rate: 119880 / 1000 = 119.879997 Hz
Info:          - Resolution: 1280 * 800, Refresh rate: 119880 / 1000 = 119.879997 Hz
Info:          - Resolution: 1280 * 800, Refresh rate: 144001 / 1000 = 144.001007 Hz
Info:          - Resolution: 1280 * 800, Refresh rate: 144001 / 1000 = 144.001007 Hz
Info:          - Resolution: 1280 * 960, Refresh rate: 120 / 1 = 120.000000 Hz
Info:          - Resolution: 1280 * 960, Refresh rate: 120 / 1 = 120.000000 Hz
Info:          - Resolution: 1280 * 960, Refresh rate: 60020 / 1000 = 60.020000 Hz
Info:          - Resolution: 1280 * 960, Refresh rate: 60020 / 1000 = 60.020000 Hz
Info:          - Resolution: 1280 * 960, Refresh rate: 75025 / 1000 = 75.025002 Hz
Info:          - Resolution: 1280 * 960, Refresh rate: 75025 / 1000 = 75.025002 Hz
Info:          - Resolution: 1280 * 960, Refresh rate: 99930 / 1000 = 99.930000 Hz
Info:          - Resolution: 1280 * 960, Refresh rate: 99930 / 1000 = 99.930000 Hz
Info:          - Resolution: 1280 * 960, Refresh rate: 119880 / 1000 = 119.879997 Hz
Info:          - Resolution: 1280 * 960, Refresh rate: 119880 / 1000 = 119.879997 Hz
Info:          - Resolution: 1280 * 960, Refresh rate: 144001 / 1000 = 144.001007 Hz
Info:          - Resolution: 1280 * 960, Refresh rate: 144001 / 1000 = 144.001007 Hz
Info:          - Resolution: 1280 * 1024, Refresh rate: 120 / 1 = 120.000000 Hz
Info:          - Resolution: 1280 * 1024, Refresh rate: 120 / 1 = 120.000000 Hz
Info:          - Resolution: 1280 * 1024, Refresh rate: 60020 / 1000 = 60.020000 Hz
Info:          - Resolution: 1280 * 1024, Refresh rate: 75025 / 1000 = 75.025002 Hz
Info:          - Resolution: 1280 * 1024, Refresh rate: 99930 / 1000 = 99.930000 Hz
Info:          - Resolution: 1280 * 1024, Refresh rate: 99930 / 1000 = 99.930000 Hz
Info:          - Resolution: 1280 * 1024, Refresh rate: 119880 / 1000 = 119.879997 Hz
Info:          - Resolution: 1280 * 1024, Refresh rate: 119880 / 1000 = 119.879997 Hz
Info:          - Resolution: 1280 * 1024, Refresh rate: 144001 / 1000 = 144.001007 Hz
Info:          - Resolution: 1280 * 1024, Refresh rate: 144001 / 1000 = 144.001007 Hz
Info:          - Resolution: 1360 * 768, Refresh rate: 120 / 1 = 120.000000 Hz
Info:          - Resolution: 1360 * 768, Refresh rate: 120 / 1 = 120.000000 Hz
Info:          - Resolution: 1360 * 768, Refresh rate: 59883 / 1000 = 59.882999 Hz
Info:          - Resolution: 1360 * 768, Refresh rate: 59883 / 1000 = 59.882999 Hz
Info:          - Resolution: 1360 * 768, Refresh rate: 99930 / 1000 = 99.930000 Hz
Info:          - Resolution: 1360 * 768, Refresh rate: 99930 / 1000 = 99.930000 Hz
Info:          - Resolution: 1360 * 768, Refresh rate: 119880 / 1000 = 119.879997 Hz
Info:          - Resolution: 1360 * 768, Refresh rate: 119880 / 1000 = 119.879997 Hz
Info:          - Resolution: 1360 * 768, Refresh rate: 144001 / 1000 = 144.001007 Hz
Info:          - Resolution: 1360 * 768, Refresh rate: 144001 / 1000 = 144.001007 Hz
Info:          - Resolution: 1366 * 768, Refresh rate: 120 / 1 = 120.000000 Hz
Info:          - Resolution: 1366 * 768, Refresh rate: 120 / 1 = 120.000000 Hz
Info:          - Resolution: 1366 * 768, Refresh rate: 59883 / 1000 = 59.882999 Hz
Info:          - Resolution: 1366 * 768, Refresh rate: 59883 / 1000 = 59.882999 Hz
Info:          - Resolution: 1366 * 768, Refresh rate: 99930 / 1000 = 99.930000 Hz
Info:          - Resolution: 1366 * 768, Refresh rate: 99930 / 1000 = 99.930000 Hz
Info:          - Resolution: 1366 * 768, Refresh rate: 119880 / 1000 = 119.879997 Hz
Info:          - Resolution: 1366 * 768, Refresh rate: 119880 / 1000 = 119.879997 Hz
Info:          - Resolution: 1366 * 768, Refresh rate: 144001 / 1000 = 144.001007 Hz
Info:          - Resolution: 1366 * 768, Refresh rate: 144001 / 1000 = 144.001007 Hz
Info:          - Resolution: 1440 * 900, Refresh rate: 120 / 1 = 120.000000 Hz
Info:          - Resolution: 1440 * 900, Refresh rate: 120 / 1 = 120.000000 Hz
Info:          - Resolution: 1440 * 900, Refresh rate: 59883 / 1000 = 59.882999 Hz
Info:          - Resolution: 1440 * 900, Refresh rate: 59883 / 1000 = 59.882999 Hz
Info:          - Resolution: 1440 * 900, Refresh rate: 99930 / 1000 = 99.930000 Hz
Info:          - Resolution: 1440 * 900, Refresh rate: 99930 / 1000 = 99.930000 Hz
Info:          - Resolution: 1440 * 900, Refresh rate: 119880 / 1000 = 119.879997 Hz
Info:          - Resolution: 1440 * 900, Refresh rate: 119880 / 1000 = 119.879997 Hz
Info:          - Resolution: 1440 * 900, Refresh rate: 144001 / 1000 = 144.001007 Hz
Info:          - Resolution: 1440 * 900, Refresh rate: 144001 / 1000 = 144.001007 Hz
Info:          - Resolution: 1440 * 1080, Refresh rate: 50 / 1 = 50.000000 Hz
Info:          - Resolution: 1440 * 1080, Refresh rate: 50 / 1 = 50.000000 Hz
Info:          - Resolution: 1440 * 1080, Refresh rate: 60 / 1 = 60.000000 Hz
Info:          - Resolution: 1440 * 1080, Refresh rate: 60 / 1 = 60.000000 Hz
Info:          - Resolution: 1440 * 1080, Refresh rate: 120 / 1 = 120.000000 Hz
Info:          - Resolution: 1440 * 1080, Refresh rate: 120 / 1 = 120.000000 Hz
Info:          - Resolution: 1440 * 1080, Refresh rate: 60000 / 1001 = 59.940060 Hz
Info:          - Resolution: 1440 * 1080, Refresh rate: 60000 / 1001 = 59.940060 Hz
Info:          - Resolution: 1440 * 1080, Refresh rate: 99930 / 1000 = 99.930000 Hz
Info:          - Resolution: 1440 * 1080, Refresh rate: 99930 / 1000 = 99.930000 Hz
Info:          - Resolution: 1440 * 1080, Refresh rate: 119880 / 1000 = 119.879997 Hz
Info:          - Resolution: 1440 * 1080, Refresh rate: 119880 / 1000 = 119.879997 Hz
Info:          - Resolution: 1440 * 1080, Refresh rate: 144001 / 1000 = 144.001007 Hz
Info:          - Resolution: 1440 * 1080, Refresh rate: 144001 / 1000 = 144.001007 Hz
Info:          - Resolution: 1600 * 900, Refresh rate: 120 / 1 = 120.000000 Hz
Info:          - Resolution: 1600 * 900, Refresh rate: 120 / 1 = 120.000000 Hz
Info:          - Resolution: 1600 * 900, Refresh rate: 59883 / 1000 = 59.882999 Hz
Info:          - Resolution: 1600 * 900, Refresh rate: 59883 / 1000 = 59.882999 Hz
Info:          - Resolution: 1600 * 900, Refresh rate: 99930 / 1000 = 99.930000 Hz
Info:          - Resolution: 1600 * 900, Refresh rate: 99930 / 1000 = 99.930000 Hz
Info:          - Resolution: 1600 * 900, Refresh rate: 119880 / 1000 = 119.879997 Hz
Info:          - Resolution: 1600 * 900, Refresh rate: 119880 / 1000 = 119.879997 Hz
Info:          - Resolution: 1600 * 900, Refresh rate: 144001 / 1000 = 144.001007 Hz
Info:          - Resolution: 1600 * 900, Refresh rate: 144001 / 1000 = 144.001007 Hz
Info:          - Resolution: 1600 * 1024, Refresh rate: 120 / 1 = 120.000000 Hz
Info:          - Resolution: 1600 * 1024, Refresh rate: 120 / 1 = 120.000000 Hz
Info:          - Resolution: 1600 * 1024, Refresh rate: 59883 / 1000 = 59.882999 Hz
Info:          - Resolution: 1600 * 1024, Refresh rate: 59883 / 1000 = 59.882999 Hz
Info:          - Resolution: 1600 * 1024, Refresh rate: 99930 / 1000 = 99.930000 Hz
Info:          - Resolution: 1600 * 1024, Refresh rate: 99930 / 1000 = 99.930000 Hz
Info:          - Resolution: 1600 * 1024, Refresh rate: 119880 / 1000 = 119.879997 Hz
Info:          - Resolution: 1600 * 1024, Refresh rate: 119880 / 1000 = 119.879997 Hz
Info:          - Resolution: 1600 * 1024, Refresh rate: 144001 / 1000 = 144.001007 Hz
Info:          - Resolution: 1600 * 1024, Refresh rate: 144001 / 1000 = 144.001007 Hz
Info:          - Resolution: 1680 * 1050, Refresh rate: 120 / 1 = 120.000000 Hz
Info:          - Resolution: 1680 * 1050, Refresh rate: 120 / 1 = 120.000000 Hz
Info:          - Resolution: 1680 * 1050, Refresh rate: 59883 / 1000 = 59.882999 Hz
Info:          - Resolution: 1680 * 1050, Refresh rate: 99930 / 1000 = 99.930000 Hz
Info:          - Resolution: 1680 * 1050, Refresh rate: 99930 / 1000 = 99.930000 Hz
Info:          - Resolution: 1680 * 1050, Refresh rate: 119880 / 1000 = 119.879997 Hz
Info:          - Resolution: 1680 * 1050, Refresh rate: 119880 / 1000 = 119.879997 Hz
Info:          - Resolution: 1680 * 1050, Refresh rate: 144001 / 1000 = 144.001007 Hz
Info:          - Resolution: 1680 * 1050, Refresh rate: 144001 / 1000 = 144.001007 Hz
Info:          - Resolution: 1920 * 1080, Refresh rate: 50 / 1 = 50.000000 Hz
Info:          - Resolution: 1920 * 1080, Refresh rate: 60 / 1 = 60.000000 Hz
Info:          - Resolution: 1920 * 1080, Refresh rate: 120 / 1 = 120.000000 Hz
Info:          - Resolution: 1920 * 1080, Refresh rate: 60000 / 1001 = 59.940060 Hz
Info:          - Resolution: 1920 * 1080, Refresh rate: 99930 / 1000 = 99.930000 Hz
Info:          - Resolution: 1920 * 1080, Refresh rate: 119880 / 1000 = 119.879997 Hz
Info:          - Resolution: 1920 * 1080, Refresh rate: 144001 / 1000 = 144.001007 Hz
Info:      - Output 2: \\.\DISPLAY2
Info:          - Resolution: 640 * 480, Refresh rate: 60 / 1 = 60.000000 Hz
Info:          - Resolution: 640 * 480, Refresh rate: 72 / 1 = 72.000000 Hz
Info:          - Resolution: 640 * 480, Refresh rate: 75 / 1 = 75.000000 Hz
Info:          - Resolution: 720 * 480, Refresh rate: 60 / 1 = 60.000000 Hz
Info:          - Resolution: 720 * 480, Refresh rate: 59940 / 1000 = 59.939999 Hz
Info:          - Resolution: 720 * 576, Refresh rate: 50 / 1 = 50.000000 Hz
Info:          - Resolution: 800 * 600, Refresh rate: 75 / 1 = 75.000000 Hz
Info:          - Resolution: 800 * 600, Refresh rate: 56250 / 1000 = 56.250000 Hz
Info:          - Resolution: 800 * 600, Refresh rate: 60317 / 1000 = 60.317001 Hz
Info:          - Resolution: 800 * 600, Refresh rate: 72188 / 1000 = 72.188004 Hz
Info:          - Resolution: 1024 * 768, Refresh rate: 60004 / 1000 = 60.004002 Hz
Info:          - Resolution: 1024 * 768, Refresh rate: 70069 / 1000 = 70.069000 Hz
Info:          - Resolution: 1024 * 768, Refresh rate: 75029 / 1000 = 75.028999 Hz
Info:          - Resolution: 1152 * 864, Refresh rate: 75 / 1 = 75.000000 Hz
Info:          - Resolution: 1280 * 720, Refresh rate: 50 / 1 = 50.000000 Hz
Info:          - Resolution: 1280 * 720, Refresh rate: 60 / 1 = 60.000000 Hz
Info:          - Resolution: 1280 * 720, Refresh rate: 60000 / 1001 = 59.940060 Hz
Info:          - Resolution: 1280 * 768, Refresh rate: 59810 / 1000 = 59.810001 Hz
Info:          - Resolution: 1280 * 768, Refresh rate: 59810 / 1000 = 59.810001 Hz
Info:          - Resolution: 1280 * 800, Refresh rate: 59810 / 1000 = 59.810001 Hz
Info:          - Resolution: 1280 * 960, Refresh rate: 60 / 1 = 60.000000 Hz
Info:          - Resolution: 1280 * 1024, Refresh rate: 60020 / 1000 = 60.020000 Hz
Info:          - Resolution: 1280 * 1024, Refresh rate: 75025 / 1000 = 75.025002 Hz
Info:          - Resolution: 1360 * 768, Refresh rate: 59887 / 1000 = 59.887001 Hz
Info:          - Resolution: 1360 * 768, Refresh rate: 59887 / 1000 = 59.887001 Hz
Info:          - Resolution: 1360 * 768, Refresh rate: 74984 / 1000 = 74.984001 Hz
Info:          - Resolution: 1360 * 768, Refresh rate: 74984 / 1000 = 74.984001 Hz
Info:          - Resolution: 1366 * 768, Refresh rate: 59887 / 1000 = 59.887001 Hz
Info:          - Resolution: 1366 * 768, Refresh rate: 59887 / 1000 = 59.887001 Hz
Info:          - Resolution: 1366 * 768, Refresh rate: 74984 / 1000 = 74.984001 Hz
Info:          - Resolution: 1366 * 768, Refresh rate: 74984 / 1000 = 74.984001 Hz
Info:          - Resolution: 1440 * 900, Refresh rate: 59887 / 1000 = 59.887001 Hz
Info:          - Resolution: 1440 * 900, Refresh rate: 74984 / 1000 = 74.984001 Hz
Info:          - Resolution: 1440 * 1080, Refresh rate: 50 / 1 = 50.000000 Hz
Info:          - Resolution: 1440 * 1080, Refresh rate: 50 / 1 = 50.000000 Hz
Info:          - Resolution: 1440 * 1080, Refresh rate: 60 / 1 = 60.000000 Hz
Info:          - Resolution: 1440 * 1080, Refresh rate: 60 / 1 = 60.000000 Hz
Info:          - Resolution: 1600 * 900, Refresh rate: 59954 / 1000 = 59.953999 Hz
Info:          - Resolution: 1600 * 900, Refresh rate: 59954 / 1000 = 59.953999 Hz
Info:          - Resolution: 1600 * 1024, Refresh rate: 59954 / 1000 = 59.953999 Hz
Info:          - Resolution: 1600 * 1024, Refresh rate: 59954 / 1000 = 59.953999 Hz
Info:          - Resolution: 1600 * 1200, Refresh rate: 60 / 1 = 60.000000 Hz
Info:          - Resolution: 1680 * 1050, Refresh rate: 59954 / 1000 = 59.953999 Hz
Info:          - Resolution: 1920 * 1080, Refresh rate: 50 / 1 = 50.000000 Hz
Info:          - Resolution: 1920 * 1080, Refresh rate: 60 / 1 = 60.000000 Hz
Info:      - Nr of Outputs: 3
Info:  GPU Adapter 2: Microsoft Basic Render Driver
Info:  - Memory Dedicated System: 0
Info:  - Memory Dedicated Video : 0
Info:  - Memory Shared System   : 4127795200
Info:      - Nr of Outputs: 1
Info:  Choose 1. adapter as best
Debug: Attempting descriptor heap creation with 16384 descriptors, taking 524288 bytes of memory
Debug: Descriptor heap with 16384 descriptors created of requested 16384 descriptors
Info:  Main pass SRV descriptor heap created with 16384 descriptor slots
Warn:  Your sound card is not compatible to DirectSound, so the calculation of the 3D sounds will reduce the frame rate.
Info:  PrimaryBuffer buffer has 32768 Bytes.
Ok:    DirectSound initialized
Ok:    Sound API established
Ok:    Frames created
Ok:    Scenes created
Ok:    Hierarchy checked.
Ok:    Materials created
Ok:    Viewports created
Ok:    1. sound (.\..\..\Lib\Emitters\Rain\Rain2.wav) loaded and added as ambient
Ok:    2. sound (.\..\..\Lib\Emitters\Rain\Rain3.wav) loaded and added as ambient
